<?xml version="1.0" encoding="UTF-8"?>
<!-- Generated by org.testng.reporters.JUnitReportReporter -->
<testsuite hostname="Mukesh" name="selenium.apachePOI.day10.ReadExcelData" tests="1" failures="0" timestamp="22 Nov 2015 03:20:37 GMT" time="3.519" errors="0">
  <testcase name="readExcel" time="3.519" classname="selenium.apachePOI.day10.ReadExcelData"/>
</testsuite> <!-- selenium.apachePOI.day10.ReadExcelData -->
