<?xml version="1.0" encoding="UTF-8"?>
<!-- Generated by org.testng.reporters.JUnitReportReporter -->
<testsuite hostname="Mukesh" name="selenium.testng.day9.FacebookTestChrome" tests="1" failures="0" timestamp="21 Nov 2015 13:37:41 GMT" time="28.628" errors="0">
  <testcase name="testFirefox" time="28.628" classname="selenium.testng.day9.FacebookTestChrome"/>
</testsuite> <!-- selenium.testng.day9.FacebookTestChrome -->
