<?xml version="1.0" encoding="UTF-8"?>
<!-- Generated by org.testng.reporters.JUnitReportReporter -->
<testsuite hostname="Mukesh" name="selenium.testng.day8.FirstTestNGClass" tests="1" failures="0" timestamp="15 Nov 2015 14:01:29 GMT" time="0.089" errors="0">
  <testcase name="mytest" time="0.089" classname="selenium.testng.day8.FirstTestNGClass"/>
</testsuite> <!-- selenium.testng.day8.FirstTestNGClass -->
