<?xml version="1.0" encoding="UTF-8"?>
<!-- Generated by org.testng.reporters.JUnitReportReporter -->
<testsuite hostname="Mukesh" name="selenium.testng.day8.SecondTestNGClass" tests="4" failures="0" timestamp="15 Nov 2015 14:10:36 GMT" time="0.075" errors="0">
  <testcase name="mytest" time="0.006" classname="selenium.testng.day8.SecondTestNGClass"/>
  <testcase name="zmytest2" time="0.005" classname="selenium.testng.day8.SecondTestNGClass"/>
  <testcase name="mytest3" time="0.002" classname="selenium.testng.day8.SecondTestNGClass"/>
  <testcase name="Amytest1" time="0.062" classname="selenium.testng.day8.SecondTestNGClass"/>
</testsuite> <!-- selenium.testng.day8.SecondTestNGClass -->
