<?xml version="1.0" encoding="UTF-8"?>
<!-- Generated by org.testng.reporters.JUnitReportReporter -->
<testsuite hostname="Mukesh" name="selenium.testng.day9.FacebookTestIE" tests="1" failures="0" timestamp="21 Nov 2015 13:37:41 GMT" time="29.717" errors="0">
  <testcase name="testFirefox" time="29.717" classname="selenium.testng.day9.FacebookTestIE"/>
</testsuite> <!-- selenium.testng.day9.FacebookTestIE -->
