<?xml version="1.0" encoding="UTF-8"?>
<!-- Generated by org.testng.reporters.JUnitReportReporter -->
<testsuite hostname="Mukesh" name="selenium.apachePOI.day10.WriteExcelData" tests="1" failures="0" timestamp="22 Nov 2015 03:53:39 GMT" time="3.393" errors="0">
  <testcase name="readExcel" time="3.393" classname="selenium.apachePOI.day10.WriteExcelData"/>
</testsuite> <!-- selenium.apachePOI.day10.WriteExcelData -->
