<?xml version="1.0" encoding="UTF-8"?>
<!-- Generated by org.testng.reporters.JUnitReportReporter -->
<testsuite hostname="Mukesh" name="selenium.testng.day9.TestNGProg1" tests="2" failures="0" timestamp="21 Nov 2015 13:14:57 GMT" time="0.030" errors="0">
  <testcase name="test1" time="0.028" classname="selenium.testng.day9.TestNGProg1"/>
  <testcase name="test2" time="0.002" classname="selenium.testng.day9.TestNGProg1"/>
</testsuite> <!-- selenium.testng.day9.TestNGProg1 -->
