<?xml version="1.0" encoding="UTF-8"?>
<!-- Generated by org.testng.reporters.JUnitReportReporter -->
<testsuite hostname="Mukesh" name="selenium.testng.day9.CrossBrowserTest" tests="1" failures="0" timestamp="21 Nov 2015 13:57:42 GMT" time="10.703" errors="0">
  <testcase name="crossBrowserTesting" time="10.703" classname="selenium.testng.day9.CrossBrowserTest"/>
</testsuite> <!-- selenium.testng.day9.CrossBrowserTest -->
