<?xml version="1.0" encoding="UTF-8"?>
<!-- Generated by org.testng.reporters.JUnitReportReporter -->
<testsuite hostname="Mukesh" name="selenium.testng.day9.TestNGProg2" tests="2" failures="0" timestamp="21 Nov 2015 13:14:57 GMT" time="0.003" errors="0">
  <testcase name="test4" time="0.002" classname="selenium.testng.day9.TestNGProg2"/>
  <testcase name="test3" time="0.001" classname="selenium.testng.day9.TestNGProg2"/>
</testsuite> <!-- selenium.testng.day9.TestNGProg2 -->
