<?xml version="1.0" encoding="UTF-8"?>
<!-- Generated by org.testng.reporters.JUnitReportReporter -->
<testsuite hostname="Mukesh" name="selenium.testng.day9.TestNGProg3" tests="2" failures="0" timestamp="21 Nov 2015 13:14:57 GMT" time="0.011" errors="0">
  <testcase name="test6" time="0.005" classname="selenium.testng.day9.TestNGProg3"/>
  <testcase name="test5" time="0.006" classname="selenium.testng.day9.TestNGProg3"/>
</testsuite> <!-- selenium.testng.day9.TestNGProg3 -->
